<?xml version="1.0" encoding="UTF-8"?>
<testsuite xmlns:xsi="http://www.w3.org/2001/XMLSchema-instance" xsi:noNamespaceSchemaLocation="https://maven.apache.org/surefire/maven-surefire-plugin/xsd/surefire-test-report-3.0.xsd" version="3.0" name="com.example.event.EventApplicationTests" time="7.123" tests="1" errors="0" skipped="0" failures="0">
  <properties>
[...]
</properties>
  <testcase name="contextLoads" classname="com.example.event.EventApplicationTests" time="0.496">
    <system-out><![CDATA[20:04:05.437 [main] INFO org.springframework.test.context.support.AnnotationConfigContextLoaderUtils -- Could not detect default configuration classes for test class [com.example.event.EventApplicationTests]: EventApplicationTests does not declare any static, non-private, non-final, nested classes annotated with @Configuration.
20:04:05.595 [main] INFO org.springframework.boot.test.context.SpringBootTestContextBootstrapper -- Found @SpringBootConfiguration com.example.event.EventApplication for test class com.example.event.EventApplicationTests

  .   ____          _            __ _ _
 /\\ / ___'_ __ _ _(_)_ __  __ _ \ \ \ \
( ( )\___ | '_ | '_| | '_ \/ _` | \ \ \ \
 \\/  ___)| |_)| | | | | || (_| |  ) ) ) )
  '  |____| .__|_| |_|_| |_\__, | / / / /
 =========|_|==============|___/=/_/_/_/
 :: Spring Boot ::                (v3.1.4)

2023-10-25T20:04:06.091+02:00  WARN 12816 --- [           main] ory$DuplicateJsonObjectContextCustomizer : 

Found multiple occurrences of org.json.JSONObject on the class path:

	jar:file:/C:/Users/marek/.m2/repository/com/vaadin/external/google/android-json/0.0.20131108.vaadin1/android-json-0.0.20131108.vaadin1.jar!/org/json/JSONObject.class
	jar:file:/C:/Users/marek/.m2/repository/org/json/json/20220320/json-20220320.jar!/org/json/JSONObject.class

You may wish to exclude one of them to ensure predictable runtime behavior

2023-10-25T20:04:06.113+02:00  INFO 12816 --- [           main] c.example.event.EventApplicationTests    : Starting EventApplicationTests using Java 19.0.1 with PID 12816 (started by marek in C:\Users\marek\Desktop\Git\EVENT APP\event)
2023-10-25T20:04:06.114+02:00  INFO 12816 --- [           main] c.example.event.EventApplicationTests    : No active profile set, falling back to 1 default profile: "default"
2023-10-25T20:04:07.022+02:00  INFO 12816 --- [           main] .s.d.r.c.RepositoryConfigurationDelegate : Multiple Spring Data modules found, entering strict repository configuration mode
2023-10-25T20:04:07.024+02:00  INFO 12816 --- [           main] .s.d.r.c.RepositoryConfigurationDelegate : Bootstrapping Spring Data JPA repositories in DEFAULT mode.
2023-10-25T20:04:07.228+02:00  INFO 12816 --- [           main] .s.d.r.c.RepositoryConfigurationDelegate : Finished Spring Data repository scanning in 194 ms. Found 3 JPA repository interfaces.
2023-10-25T20:04:07.249+02:00  INFO 12816 --- [           main] .s.d.r.c.RepositoryConfigurationDelegate : Multiple Spring Data modules found, entering strict repository configuration mode
2023-10-25T20:04:07.251+02:00  INFO 12816 --- [           main] .s.d.r.c.RepositoryConfigurationDelegate : Bootstrapping Spring Data Redis repositories in DEFAULT mode.
2023-10-25T20:04:07.270+02:00  INFO 12816 --- [           main] .RepositoryConfigurationExtensionSupport : Spring Data Redis - Could not safely identify store assignment for repository candidate interface com.example.event.authentication.persistance.repository.TokenRepository; If you want this repository to be a Redis repository, consider annotating your entities with one of these annotations: org.springframework.data.redis.core.RedisHash (preferred), or consider extending one of the following types with your repository: org.springframework.data.keyvalue.repository.KeyValueRepository
2023-10-25T20:04:07.270+02:00  INFO 12816 --- [           main] .RepositoryConfigurationExtensionSupport : Spring Data Redis - Could not safely identify store assignment for repository candidate interface com.example.event.authentication.persistance.repository.UserRepository; If you want this repository to be a Redis repository, consider annotating your entities with one of these annotations: org.springframework.data.redis.core.RedisHash (preferred), or consider extending one of the following types with your repository: org.springframework.data.keyvalue.repository.KeyValueRepository
2023-10-25T20:04:07.270+02:00  INFO 12816 --- [           main] .RepositoryConfigurationExtensionSupport : Spring Data Redis - Could not safely identify store assignment for repository candidate interface com.example.event.customer.persistance.repository.CustomerRepository; If you want this repository to be a Redis repository, consider annotating your entities with one of these annotations: org.springframework.data.redis.core.RedisHash (preferred), or consider extending one of the following types with your repository: org.springframework.data.keyvalue.repository.KeyValueRepository
2023-10-25T20:04:07.271+02:00  INFO 12816 --- [           main] .s.d.r.c.RepositoryConfigurationDelegate : Finished Spring Data repository scanning in 6 ms. Found 0 Redis repository interfaces.
2023-10-25T20:04:08.145+02:00  INFO 12816 --- [           main] o.hibernate.jpa.internal.util.LogHelper  : HHH000204: Processing PersistenceUnitInfo [name: default]
2023-10-25T20:04:08.238+02:00  INFO 12816 --- [           main] org.hibernate.Version                    : HHH000412: Hibernate ORM core version 6.2.9.Final
2023-10-25T20:04:08.241+02:00  INFO 12816 --- [           main] org.hibernate.cfg.Environment            : HHH000406: Using bytecode reflection optimizer
2023-10-25T20:04:08.514+02:00  INFO 12816 --- [           main] o.h.b.i.BytecodeProviderInitiator        : HHH000021: Bytecode provider name : bytebuddy
2023-10-25T20:04:08.678+02:00  INFO 12816 --- [           main] o.s.o.j.p.SpringPersistenceUnitInfo      : No LoadTimeWeaver setup: ignoring JPA class transformer
2023-10-25T20:04:08.699+02:00  INFO 12816 --- [           main] com.zaxxer.hikari.HikariDataSource       : HikariPool-1 - Starting...
2023-10-25T20:04:08.844+02:00  INFO 12816 --- [           main] com.zaxxer.hikari.pool.HikariPool        : HikariPool-1 - Added connection org.postgresql.jdbc.PgConnection@71e7830a
2023-10-25T20:04:08.846+02:00  INFO 12816 --- [           main] com.zaxxer.hikari.HikariDataSource       : HikariPool-1 - Start completed.
2023-10-25T20:04:09.292+02:00  INFO 12816 --- [           main] o.h.b.i.BytecodeProviderInitiator        : HHH000021: Bytecode provider name : bytebuddy
2023-10-25T20:04:10.042+02:00  INFO 12816 --- [           main] o.h.e.t.j.p.i.JtaPlatformInitiator       : HHH000490: Using JtaPlatform implementation: [org.hibernate.engine.transaction.jta.platform.internal.NoJtaPlatform]
2023-10-25T20:04:10.151+02:00  INFO 12816 --- [           main] j.LocalContainerEntityManagerFactoryBean : Initialized JPA EntityManagerFactory for persistence unit 'default'
2023-10-25T20:04:10.736+02:00  WARN 12816 --- [           main] JpaBaseConfiguration$JpaWebConfiguration : spring.jpa.open-in-view is enabled by default. Therefore, database queries may be performed during view rendering. Explicitly configure spring.jpa.open-in-view to disable this warning
2023-10-25T20:04:10.784+02:00  WARN 12816 --- [           main] .s.s.UserDetailsServiceAutoConfiguration : 

Using generated security password: 6a7380b6-4695-4eb3-8cab-f53db8d6bf1e

This generated password is for development use only. Your security configuration must be updated before running your application in production.

2023-10-25T20:04:11.154+02:00  INFO 12816 --- [           main] o.s.s.web.DefaultSecurityFilterChain     : Will secure any request with [org.springframework.security.web.session.DisableEncodeUrlFilter@190cc39e, org.springframework.security.web.context.request.async.WebAsyncManagerIntegrationFilter@4a2f1ae3, org.springframework.security.web.context.SecurityContextHolderFilter@718e700c, org.springframework.security.web.header.HeaderWriterFilter@1a4c6e74, org.springframework.web.filter.CorsFilter@48b1b469, org.springframework.security.web.authentication.logout.LogoutFilter@3cd758be, com.example.event.authentication.core.DemoAuthenticationFilter@6a887649, org.springframework.security.web.authentication.www.BasicAuthenticationFilter@4f239a76, org.springframework.security.web.savedrequest.RequestCacheAwareFilter@10c1682b, org.springframework.security.web.servletapi.SecurityContextHolderAwareRequestFilter@2e7563f6, org.springframework.security.web.authentication.AnonymousAuthenticationFilter@15e748b5, org.springframework.security.web.session.SessionManagementFilter@28705150, org.springframework.security.web.access.ExceptionTranslationFilter@2ef812b, org.springframework.security.web.access.intercept.AuthorizationFilter@174d5cf7]
2023-10-25T20:04:11.749+02:00  WARN 12816 --- [           main] o.s.s.c.a.web.builders.WebSecurity       : You are asking Spring Security to ignore Ant [pattern='/api/token', POST]. This is not recommended -- please use permitAll via HttpSecurity#authorizeHttpRequests instead.
2023-10-25T20:04:11.749+02:00  INFO 12816 --- [           main] o.s.s.web.DefaultSecurityFilterChain     : Will not secure Ant [pattern='/api/token', POST]
2023-10-25T20:04:11.750+02:00  WARN 12816 --- [           main] o.s.s.c.a.web.builders.WebSecurity       : You are asking Spring Security to ignore Ant [pattern='/swagger-ui/**']. This is not recommended -- please use permitAll via HttpSecurity#authorizeHttpRequests instead.
2023-10-25T20:04:11.750+02:00  INFO 12816 --- [           main] o.s.s.web.DefaultSecurityFilterChain     : Will not secure Ant [pattern='/swagger-ui/**']
2023-10-25T20:04:11.750+02:00  WARN 12816 --- [           main] o.s.s.c.a.web.builders.WebSecurity       : You are asking Spring Security to ignore Ant [pattern='/v3/api-docs/swagger-config']. This is not recommended -- please use permitAll via HttpSecurity#authorizeHttpRequests instead.
2023-10-25T20:04:11.750+02:00  INFO 12816 --- [           main] o.s.s.web.DefaultSecurityFilterChain     : Will not secure Ant [pattern='/v3/api-docs/swagger-config']
2023-10-25T20:04:11.750+02:00  WARN 12816 --- [           main] o.s.s.c.a.web.builders.WebSecurity       : You are asking Spring Security to ignore Ant [pattern='/v3/api-docs']. This is not recommended -- please use permitAll via HttpSecurity#authorizeHttpRequests instead.
2023-10-25T20:04:11.750+02:00  INFO 12816 --- [           main] o.s.s.web.DefaultSecurityFilterChain     : Will not secure Ant [pattern='/v3/api-docs']
2023-10-25T20:04:11.750+02:00  WARN 12816 --- [           main] o.s.s.c.a.web.builders.WebSecurity       : You are asking Spring Security to ignore Ant [pattern='/swagger-resources/**']. This is not recommended -- please use permitAll via HttpSecurity#authorizeHttpRequests instead.
2023-10-25T20:04:11.750+02:00  INFO 12816 --- [           main] o.s.s.web.DefaultSecurityFilterChain     : Will not secure Ant [pattern='/swagger-resources/**']
2023-10-25T20:04:11.798+02:00  INFO 12816 --- [           main] c.example.event.EventApplicationTests    : Started EventApplicationTests in 5.998 seconds (process running for 7.204)
]]></system-out>
  </testcase>
</testsuite>